Using pre-set license
Built from '2020.3/staging' branch; Version is '2020.3.25f1 (9b9180224418) revision 10195328'; Using compiler version '192528614'; Build Type 'Release'
OS: 'Windows 10  (10.0.18363) 64bit CoreSingleLanguage' Language: 'pt' Physical Memory: 8097 MB
BatchMode: 1, IsHumanControllingUs: 0, StartBugReporterOnCrash: 0, Is64bit: 1, IsPro: 0

COMMAND LINE ARGUMENTS:
C:\Program Files\Unity\Hub\Editor\2020.3.25f1\Editor\Unity.exe
-adb2
-batchMode
-noUpm
-name
AssetImportWorker3
-projectPath
C:/Users/Machado/Documents/UnityProjects/Waves Timelined Test
-logFile
Logs/AssetImportWorker3.log
-srvPort
49821
Successfully changed project path to: C:/Users/Machado/Documents/UnityProjects/Waves Timelined Test
C:/Users/Machado/Documents/UnityProjects/Waves Timelined Test
Using Asset Import Pipeline V2.
Refreshing native plugins compatible for Editor in 117.78 ms, found 3 plugins.
Preloading 0 native plugins for Editor in 0.00 ms.
Initialize engine version: 2020.3.25f1 (9b9180224418)
[Subsystems] Discovering subsystems at path C:/Program Files/Unity/Hub/Editor/2020.3.25f1/Editor/Data/Resources/UnitySubsystems
[Subsystems] Discovering subsystems at path C:/Users/Machado/Documents/UnityProjects/Waves Timelined Test/Assets
GfxDevice: creating device client; threaded=0
Direct3D:
    Version:  Direct3D 11.0 [level 11.1]
    Renderer: Intel(R) HD Graphics 520 (ID=0x1916)
    Vendor:   
    VRAM:     4048 MB
    Driver:   23.20.16.4973
Initialize mono
Mono path[0] = 'C:/Program Files/Unity/Hub/Editor/2020.3.25f1/Editor/Data/Managed'
Mono path[1] = 'C:/Program Files/Unity/Hub/Editor/2020.3.25f1/Editor/Data/MonoBleedingEdge/lib/mono/unityjit'
Mono config path = 'C:/Program Files/Unity/Hub/Editor/2020.3.25f1/Editor/Data/MonoBleedingEdge/etc'
Using monoOptions --debugger-agent=transport=dt_socket,embedding=1,server=y,suspend=n,address=127.0.0.1:56928
Begin MonoManager ReloadAssembly
Registering precompiled unity dll's ...
Register platform support module: C:/Program Files/Unity/Hub/Editor/2020.3.25f1/Editor/Data/PlaybackEngines/WindowsStandaloneSupport/UnityEditor.WindowsStandalone.Extensions.dll
Registered in 0.004299 seconds.
Native extension for WindowsStandalone target not found
Refreshing native plugins compatible for Editor in 70.48 ms, found 3 plugins.
Preloading 0 native plugins for Editor in 0.00 ms.
Mono: successfully reloaded assembly
- Completed reload, in  1.087 seconds
Domain Reload Profiling:
	ReloadAssembly (1087ms)
		BeginReloadAssembly (85ms)
			ExecutionOrderSort (0ms)
			DisableScriptedObjects (0ms)
			BackupInstance (0ms)
			ReleaseScriptingObjects (0ms)
			CreateAndSetChildDomain (1ms)
		EndReloadAssembly (855ms)
			LoadAssemblies (81ms)
			RebuildTransferFunctionScriptingTraits (0ms)
			SetupTypeCache (288ms)
			ReleaseScriptCaches (0ms)
			RebuildScriptCaches (59ms)
			SetupLoadedEditorAssemblies (288ms)
				LogAssemblyErrors (0ms)
				InitializePlatformSupportModulesInManaged (5ms)
				SetLoadedEditorAssemblies (0ms)
				RefreshPlugins (71ms)
				BeforeProcessingInitializeOnLoad (22ms)
				ProcessInitializeOnLoadAttributes (143ms)
				ProcessInitializeOnLoadMethodAttributes (46ms)
				AfterProcessingInitializeOnLoad (0ms)
				EditorAssembliesLoaded (0ms)
			ExecutionOrderSort2 (0ms)
			AwakeInstancesAfterBackupRestoration (0ms)
Platform modules already initialized, skipping
Registering precompiled user dll's ...
Registered in 0.007771 seconds.
Begin MonoManager ReloadAssembly
Native extension for WindowsStandalone target not found
Refreshing native plugins compatible for Editor in 73.09 ms, found 3 plugins.
Preloading 0 native plugins for Editor in 0.00 ms.
Mono: successfully reloaded assembly
- Completed reload, in  2.235 seconds
Domain Reload Profiling:
	ReloadAssembly (2236ms)
		BeginReloadAssembly (253ms)
			ExecutionOrderSort (0ms)
			DisableScriptedObjects (7ms)
			BackupInstance (0ms)
			ReleaseScriptingObjects (0ms)
			CreateAndSetChildDomain (29ms)
		EndReloadAssembly (1847ms)
			LoadAssemblies (173ms)
			RebuildTransferFunctionScriptingTraits (0ms)
			SetupTypeCache (703ms)
			ReleaseScriptCaches (1ms)
			RebuildScriptCaches (82ms)
			SetupLoadedEditorAssemblies (664ms)
				LogAssemblyErrors (0ms)
				InitializePlatformSupportModulesInManaged (4ms)
				SetLoadedEditorAssemblies (0ms)
				RefreshPlugins (73ms)
				BeforeProcessingInitializeOnLoad (141ms)
				ProcessInitializeOnLoadAttributes (405ms)
				ProcessInitializeOnLoadMethodAttributes (28ms)
				AfterProcessingInitializeOnLoad (11ms)
				EditorAssembliesLoaded (0ms)
			ExecutionOrderSort2 (0ms)
			AwakeInstancesAfterBackupRestoration (15ms)
Platform modules already initialized, skipping
========================================================================
Worker process is ready to serve import requests
Launched and connected shader compiler UnityShaderCompiler.exe after 0.35 seconds
Refreshing native plugins compatible for Editor in 0.62 ms, found 3 plugins.
Preloading 0 native plugins for Editor in 0.00 ms.
Unloading 2204 Unused Serialized files (Serialized files now loaded: 0)
System memory in use before: 96.1 MB.
System memory in use after: 96.2 MB.

Unloading 28 unused Assets to reduce memory usage. Loaded Objects now: 2638.
Total: 74.935100 ms (FindLiveObjects: 0.269100 ms CreateObjectMapping: 0.710800 ms MarkObjects: 73.748000 ms  DeleteObjects: 0.204400 ms)

AssetImportParameters requested are different than current active one (requested -> active):
  custom:framework-win-MediaFoundation: 216162199b28c13a410421893ffa2e32 -> 
  custom:video-decoder-ogg-theora: a1e56fd34408186e4bbccfd4996cb3dc -> 
  custom:container-muxer-webm: aa71ff27fc2769a1b78a27578f13a17b -> 
  custom:container-demuxer-webm: 4f35f7cbe854078d1ac9338744f61a02 -> 
  custom:container-demuxer-ogg: 62fdf1f143b41e24485cea50d1cbac27 -> 
  custom:video-encoder-webm-vp8: eb34c28f22e8b96e1ab97ce403110664 -> 
  custom:video-codec-MediaFoundation-h265: 746d11721c4dcdbdad8f713fa42b33f4 -> 
  custom:video-decoder-webm-vp8: 9c59270c3fd7afecdb556c50c9e8de78 -> 
  custom:audio-decoder-ogg-vorbis: bf7c407c2cedff20999df2af8eb42d56 -> 
  custom:audio-encoder-webm-vorbis: bf7c407c2cedff20999df2af8eb42d56 -> 
========================================================================
Received Import Request.
  path: Assets/Waves Timelined/Wave Objects/Sequence_B.asset
  artifactKey: Guid(213d4857cb4c36642912e1152cfa23ae) Importer(815301076,1909f56bfc062723c751e8b465ee728b)
Start importing Assets/Waves Timelined/Wave Objects/Sequence_B.asset using Guid(213d4857cb4c36642912e1152cfa23ae) Importer(815301076,1909f56bfc062723c751e8b465ee728b)  -> (artifact id: '638a291aa454fca5cf1446783a6a03b1') in 0.195824 seconds 
  Import took 0.202209 seconds .

========================================================================
Received Prepare
Registering precompiled user dll's ...
Registered in 0.009069 seconds.
Begin MonoManager ReloadAssembly
Native extension for WindowsStandalone target not found
Refreshing native plugins compatible for Editor in 0.55 ms, found 3 plugins.
Preloading 0 native plugins for Editor in 0.00 ms.
Mono: successfully reloaded assembly
- Completed reload, in  1.978 seconds
Domain Reload Profiling:
	ReloadAssembly (1980ms)
		BeginReloadAssembly (216ms)
			ExecutionOrderSort (0ms)
			DisableScriptedObjects (11ms)
			BackupInstance (0ms)
			ReleaseScriptingObjects (0ms)
			CreateAndSetChildDomain (70ms)
		EndReloadAssembly (1597ms)
			LoadAssemblies (184ms)
			RebuildTransferFunctionScriptingTraits (0ms)
			SetupTypeCache (652ms)
			ReleaseScriptCaches (1ms)
			RebuildScriptCaches (72ms)
			SetupLoadedEditorAssemblies (532ms)
				LogAssemblyErrors (0ms)
				InitializePlatformSupportModulesInManaged (8ms)
				SetLoadedEditorAssemblies (1ms)
				RefreshPlugins (1ms)
				BeforeProcessingInitializeOnLoad (155ms)
				ProcessInitializeOnLoadAttributes (336ms)
				ProcessInitializeOnLoadMethodAttributes (21ms)
				AfterProcessingInitializeOnLoad (10ms)
				EditorAssembliesLoaded (0ms)
			ExecutionOrderSort2 (0ms)
			AwakeInstancesAfterBackupRestoration (15ms)
Platform modules already initialized, skipping
Refreshing native plugins compatible for Editor in 0.87 ms, found 3 plugins.
Preloading 0 native plugins for Editor in 0.00 ms.
Unloading 2193 Unused Serialized files (Serialized files now loaded: 0)
System memory in use before: 95.5 MB.
System memory in use after: 95.6 MB.

Unloading 17 unused Assets to reduce memory usage. Loaded Objects now: 2640.
Total: 4.261700 ms (FindLiveObjects: 0.204600 ms CreateObjectMapping: 0.101300 ms MarkObjects: 3.899300 ms  DeleteObjects: 0.041600 ms)

AssetImportParameters requested are different than current active one (requested -> active):
  custom:framework-win-MediaFoundation: 216162199b28c13a410421893ffa2e32 -> 
  custom:video-decoder-ogg-theora: a1e56fd34408186e4bbccfd4996cb3dc -> 
  custom:container-muxer-webm: aa71ff27fc2769a1b78a27578f13a17b -> 
  custom:container-demuxer-webm: 4f35f7cbe854078d1ac9338744f61a02 -> 
  custom:container-demuxer-ogg: 62fdf1f143b41e24485cea50d1cbac27 -> 
  custom:video-encoder-webm-vp8: eb34c28f22e8b96e1ab97ce403110664 -> 
  custom:video-codec-MediaFoundation-h265: 746d11721c4dcdbdad8f713fa42b33f4 -> 
  custom:video-decoder-webm-vp8: 9c59270c3fd7afecdb556c50c9e8de78 -> 
  custom:audio-decoder-ogg-vorbis: bf7c407c2cedff20999df2af8eb42d56 -> 
  custom:audio-encoder-webm-vorbis: bf7c407c2cedff20999df2af8eb42d56 -> 
========================================================================
Received Import Request.
  Time since last request: 297.983969 seconds.
  path: Assets/Waves Timelined/Wave Objects/SpawnOffset_BlueBall.asset
  artifactKey: Guid(2ebe9ae03192bac4a8c7fff5c6ab5df4) Importer(815301076,1909f56bfc062723c751e8b465ee728b)
Start importing Assets/Waves Timelined/Wave Objects/SpawnOffset_BlueBall.asset using Guid(2ebe9ae03192bac4a8c7fff5c6ab5df4) Importer(815301076,1909f56bfc062723c751e8b465ee728b)  -> (artifact id: '74f34be8db168ec5c3ea08e552f55ad4') in 0.093746 seconds 
  Import took 0.151439 seconds .

========================================================================
Received Prepare
Registering precompiled user dll's ...
Registered in 0.009730 seconds.
Begin MonoManager ReloadAssembly
Native extension for WindowsStandalone target not found
Refreshing native plugins compatible for Editor in 0.58 ms, found 3 plugins.
Preloading 0 native plugins for Editor in 0.00 ms.
Mono: successfully reloaded assembly
- Completed reload, in  1.741 seconds
Domain Reload Profiling:
	ReloadAssembly (1742ms)
		BeginReloadAssembly (228ms)
			ExecutionOrderSort (0ms)
			DisableScriptedObjects (16ms)
			BackupInstance (0ms)
			ReleaseScriptingObjects (0ms)
			CreateAndSetChildDomain (70ms)
		EndReloadAssembly (1415ms)
			LoadAssemblies (195ms)
			RebuildTransferFunctionScriptingTraits (0ms)
			SetupTypeCache (512ms)
			ReleaseScriptCaches (3ms)
			RebuildScriptCaches (73ms)
			SetupLoadedEditorAssemblies (502ms)
				LogAssemblyErrors (0ms)
				InitializePlatformSupportModulesInManaged (8ms)
				SetLoadedEditorAssemblies (1ms)
				RefreshPlugins (1ms)
				BeforeProcessingInitializeOnLoad (137ms)
				ProcessInitializeOnLoadAttributes (325ms)
				ProcessInitializeOnLoadMethodAttributes (18ms)
				AfterProcessingInitializeOnLoad (12ms)
				EditorAssembliesLoaded (0ms)
			ExecutionOrderSort2 (0ms)
			AwakeInstancesAfterBackupRestoration (15ms)
Platform modules already initialized, skipping
Refreshing native plugins compatible for Editor in 0.59 ms, found 3 plugins.
Preloading 0 native plugins for Editor in 0.00 ms.
Unloading 2193 Unused Serialized files (Serialized files now loaded: 0)
System memory in use before: 95.6 MB.
System memory in use after: 95.7 MB.

Unloading 19 unused Assets to reduce memory usage. Loaded Objects now: 2642.
Total: 3.866800 ms (FindLiveObjects: 0.196100 ms CreateObjectMapping: 0.095700 ms MarkObjects: 3.446300 ms  DeleteObjects: 0.127500 ms)

AssetImportParameters requested are different than current active one (requested -> active):
  custom:framework-win-MediaFoundation: 216162199b28c13a410421893ffa2e32 -> 
  custom:video-decoder-ogg-theora: a1e56fd34408186e4bbccfd4996cb3dc -> 
  custom:container-muxer-webm: aa71ff27fc2769a1b78a27578f13a17b -> 
  custom:container-demuxer-webm: 4f35f7cbe854078d1ac9338744f61a02 -> 
  custom:container-demuxer-ogg: 62fdf1f143b41e24485cea50d1cbac27 -> 
  custom:video-encoder-webm-vp8: eb34c28f22e8b96e1ab97ce403110664 -> 
  custom:video-codec-MediaFoundation-h265: 746d11721c4dcdbdad8f713fa42b33f4 -> 
  custom:video-decoder-webm-vp8: 9c59270c3fd7afecdb556c50c9e8de78 -> 
  custom:audio-decoder-ogg-vorbis: bf7c407c2cedff20999df2af8eb42d56 -> 
  custom:audio-encoder-webm-vorbis: bf7c407c2cedff20999df2af8eb42d56 -> 
========================================================================
Received Import Request.
  Time since last request: 90.176452 seconds.
  path: Assets/Waves Timelined/Wave Objects/Sequence_C.asset
  artifactKey: Guid(8f82b67bba39f5e40a43535452c81f02) Importer(815301076,1909f56bfc062723c751e8b465ee728b)
Start importing Assets/Waves Timelined/Wave Objects/Sequence_C.asset using Guid(8f82b67bba39f5e40a43535452c81f02) Importer(815301076,1909f56bfc062723c751e8b465ee728b)  -> (artifact id: 'e4e45075bd74436b5d15d419a0e17dad') in 0.031802 seconds 
  Import took 0.064162 seconds .

========================================================================
Received Import Request.
  Time since last request: 4.194198 seconds.
  path: Assets/Waves Timelined/Wave Objects/SpawnOffset_GreenBall.asset
  artifactKey: Guid(c11230f940c536c4d896b1ff004d8de0) Importer(815301076,1909f56bfc062723c751e8b465ee728b)
Start importing Assets/Waves Timelined/Wave Objects/SpawnOffset_GreenBall.asset using Guid(c11230f940c536c4d896b1ff004d8de0) Importer(815301076,1909f56bfc062723c751e8b465ee728b)  -> (artifact id: '11949294a6d85b479d3f49cac00bb480') in 0.022740 seconds 
  Import took 0.031520 seconds .

========================================================================
Received Import Request.
  Time since last request: 0.334428 seconds.
  path: Assets/Waves Timelined/Wave Objects/SpawnRandom_YellowBall.asset
  artifactKey: Guid(ef5377d116237a147b7adb11cd78d1d1) Importer(815301076,1909f56bfc062723c751e8b465ee728b)
Start importing Assets/Waves Timelined/Wave Objects/SpawnRandom_YellowBall.asset using Guid(ef5377d116237a147b7adb11cd78d1d1) Importer(815301076,1909f56bfc062723c751e8b465ee728b)  -> (artifact id: '23a56b30ef262fabb1703d1070007b1a') in 0.031661 seconds 
  Import took 0.072608 seconds .

========================================================================
Received Import Request.
  Time since last request: 2.379002 seconds.
  path: Assets/Waves Timelined/Wave Objects/Sequence_A.asset
  artifactKey: Guid(304cd05eb9c6a484c89e4b9f0439cbc1) Importer(815301076,1909f56bfc062723c751e8b465ee728b)
Start importing Assets/Waves Timelined/Wave Objects/Sequence_A.asset using Guid(304cd05eb9c6a484c89e4b9f0439cbc1) Importer(815301076,1909f56bfc062723c751e8b465ee728b)  -> (artifact id: 'bb945ba2e7a4acbfbbc6da9f7acf647d') in 0.025330 seconds 
  Import took 0.047323 seconds .

========================================================================
Received Import Request.
  Time since last request: 0.440715 seconds.
  path: Assets/Waves Timelined/Wave Objects/Random_D.asset
  artifactKey: Guid(d6c8877a565c48649916628dd092e947) Importer(815301076,1909f56bfc062723c751e8b465ee728b)
Start importing Assets/Waves Timelined/Wave Objects/Random_D.asset using Guid(d6c8877a565c48649916628dd092e947) Importer(815301076,1909f56bfc062723c751e8b465ee728b)  -> (artifact id: '56d83ec10704f268c32d8218b64b51bb') in 0.101872 seconds 
  Import took 0.134724 seconds .

========================================================================
Received Import Request.
  Time since last request: 16.422944 seconds.
  path: Assets/Waves Timelined/Wave Objects/SpawnOffset_RedBall.asset
  artifactKey: Guid(86a8b52268ffc3b46bba162d4f0e3438) Importer(815301076,1909f56bfc062723c751e8b465ee728b)
Start importing Assets/Waves Timelined/Wave Objects/SpawnOffset_RedBall.asset using Guid(86a8b52268ffc3b46bba162d4f0e3438) Importer(815301076,1909f56bfc062723c751e8b465ee728b)  -> (artifact id: '9fb96bb278fd565e1fcba2eb218473c1') in 0.067163 seconds 
  Import took 0.105415 seconds .

========================================================================
Received Import Request.
  Time since last request: 98.708623 seconds.
  path: Assets/Waves Timelined/Wave Objects
  artifactKey: Guid(fc06e122624903e479205062228db8f5) Importer(815301076,1909f56bfc062723c751e8b465ee728b)
Start importing Assets/Waves Timelined/Wave Objects using Guid(fc06e122624903e479205062228db8f5) Importer(815301076,1909f56bfc062723c751e8b465ee728b)  -> (artifact id: '6789fbd5c444c07aacedb9266c79c9fe') in 0.024622 seconds 
  Import took 0.095308 seconds .

========================================================================
Received Import Request.
  Time since last request: 99.782171 seconds.
  path: Assets/Waves Timelined/Wave Objects/WeigthSpawn_pool_A.asset
  artifactKey: Guid(7f670dd08238b8144959514a66190746) Importer(815301076,1909f56bfc062723c751e8b465ee728b)
Start importing Assets/Waves Timelined/Wave Objects/WeigthSpawn_pool_A.asset using Guid(7f670dd08238b8144959514a66190746) Importer(815301076,1909f56bfc062723c751e8b465ee728b)  -> (artifact id: 'cf00826cae2887c4910da94c4bf8a72d') in 0.058734 seconds 
  Import took 0.086609 seconds .

========================================================================
Received Import Request.
  Time since last request: 242.123956 seconds.
  path: Assets/Waves Timelined/Scripts
  artifactKey: Guid(33f5856d7df8e894eb303a3dbc9ae7aa) Importer(815301076,1909f56bfc062723c751e8b465ee728b)
Start importing Assets/Waves Timelined/Scripts using Guid(33f5856d7df8e894eb303a3dbc9ae7aa) Importer(815301076,1909f56bfc062723c751e8b465ee728b)  -> (artifact id: 'bc9c10d9a83f62573c554b55ab3cfbe0') in 0.032381 seconds 
  Import took 0.098047 seconds .

AssetImportWorkerClient::OnTransportError - code=2 error=End of file
